The system is: Linux - 3.10.0-957.el7.x86_64 - x86_64
Compiling the C compiler identification source file "CMakeCCompilerId.c" succeeded.
Compiler: /data/public/wuk/env/v1/spack/opt/spack/linux-centos7-zen/gcc-8.5.0/llvm-13.0.0-xbscawasf5osltzsgjjjvglsqblznv44/bin/clang 
Build flags: 
Id flags:  

The output was:
0


Compilation of the C compiler identification source "CMakeCCompilerId.c" produced "a.out"

The C compiler identification is Clang, found in "/data/home/mzw/llvm-13.0.0/include/llvm/Transforms/build/CMakeFiles/3.21.4/CompilerIdC/a.out"

Compiling the CXX compiler identification source file "CMakeCXXCompilerId.cpp" succeeded.
Compiler: /data/public/wuk/env/v1/spack/opt/spack/linux-centos7-zen/gcc-8.5.0/llvm-13.0.0-xbscawasf5osltzsgjjjvglsqblznv44/bin/clang++ 
Build flags: 
Id flags:  

The output was:
0


Compilation of the CXX compiler identification source "CMakeCXXCompilerId.cpp" produced "a.out"

The CXX compiler identification is Clang, found in "/data/home/mzw/llvm-13.0.0/include/llvm/Transforms/build/CMakeFiles/3.21.4/CompilerIdCXX/a.out"

Detecting C compiler ABI info compiled with the following output:
Change Dir: /data/home/mzw/llvm-13.0.0/include/llvm/Transforms/build/CMakeFiles/CMakeTmp

Run Build Command(s):/usr/bin/gmake -f Makefile cmTC_dd0fa/fast && /usr/bin/gmake  -f CMakeFiles/cmTC_dd0fa.dir/build.make CMakeFiles/cmTC_dd0fa.dir/build
gmake[1]: Entering directory `/data/home/mzw/llvm-13.0.0/include/llvm/Transforms/build/CMakeFiles/CMakeTmp'
Building C object CMakeFiles/cmTC_dd0fa.dir/CMakeCCompilerABI.c.o
/data/public/wuk/env/v1/spack/opt/spack/linux-centos7-zen/gcc-8.5.0/llvm-13.0.0-xbscawasf5osltzsgjjjvglsqblznv44/bin/clang   -v -MD -MT CMakeFiles/cmTC_dd0fa.dir/CMakeCCompilerABI.c.o -MF CMakeFiles/cmTC_dd0fa.dir/CMakeCCompilerABI.c.o.d -o CMakeFiles/cmTC_dd0fa.dir/CMakeCCompilerABI.c.o -c /data/public/wuk/env/v1/spack/opt/spack/linux-centos7-zen/gcc-8.5.0/cmake-3.21.4-nvydniyy3o7epsmkovhbb2r2gabeijca/share/cmake-3.21/Modules/CMakeCCompilerABI.c
clang version 13.0.0
Target: x86_64-unknown-linux-gnu
Thread model: posix
InstalledDir: /data/public/wuk/env/v1/spack/opt/spack/linux-centos7-zen/gcc-8.5.0/llvm-13.0.0-xbscawasf5osltzsgjjjvglsqblznv44/bin
Found candidate GCC installation: /data/public/wuk/env/v1/spack/opt/spack/linux-centos7-x86_64_v3/gcc-4.8.5/gcc-8.5.0-r653aprkmt2xeqxzz4locto6dy3hxl47/lib/gcc/x86_64-pc-linux-gnu/8.5.0
Selected GCC installation: /data/public/wuk/env/v1/spack/opt/spack/linux-centos7-x86_64_v3/gcc-4.8.5/gcc-8.5.0-r653aprkmt2xeqxzz4locto6dy3hxl47/lib/gcc/x86_64-pc-linux-gnu/8.5.0
Candidate multilib: .;@m64
Selected multilib: .;@m64
Found CUDA installation: /data/public/wuk/env/v1/spack/opt/spack/linux-centos7-zen/gcc-8.5.0/cuda-11.4.2-hp5vmtyvx3orti3ib3zvhradgg7ilfp5, version 11.2
Found HIP installation: /opt/rocm, version 4.4.21401
 (in-process)
 "/data/public/wuk/env/v1/spack/opt/spack/linux-centos7-zen/gcc-8.5.0/llvm-13.0.0-xbscawasf5osltzsgjjjvglsqblznv44/bin/clang-13" -cc1 -triple x86_64-unknown-linux-gnu -emit-obj -mrelax-all --mrelax-relocations -disable-free -disable-llvm-verifier -discard-value-names -main-file-name CMakeCCompilerABI.c -mrelocation-model static -mframe-pointer=all -fmath-errno -fno-rounding-math -mconstructor-aliases -munwind-tables -target-cpu x86-64 -tune-cpu generic -debugger-tuning=gdb -v -fcoverage-compilation-dir=/data/home/mzw/llvm-13.0.0/include/llvm/Transforms/build/CMakeFiles/CMakeTmp -resource-dir /data/public/wuk/env/v1/spack/opt/spack/linux-centos7-zen/gcc-8.5.0/llvm-13.0.0-xbscawasf5osltzsgjjjvglsqblznv44/lib/clang/13.0.0 -dependency-file CMakeFiles/cmTC_dd0fa.dir/CMakeCCompilerABI.c.o.d -MT CMakeFiles/cmTC_dd0fa.dir/CMakeCCompilerABI.c.o -sys-header-deps -I/data/public/wuk/env/v1/spack/opt/spack/linux-centos7-zen/gcc-8.5.0/python-3.8.12-fa5lwqyxtqcfzodyclydhmrolzk24ffh/include/python3.8 -internal-isystem /data/public/wuk/env/v1/spack/opt/spack/linux-centos7-zen/gcc-8.5.0/llvm-13.0.0-xbscawasf5osltzsgjjjvglsqblznv44/lib/clang/13.0.0/include -internal-isystem /usr/local/include -internal-isystem /data/public/wuk/env/v1/spack/opt/spack/linux-centos7-x86_64_v3/gcc-4.8.5/gcc-8.5.0-r653aprkmt2xeqxzz4locto6dy3hxl47/lib/gcc/x86_64-pc-linux-gnu/8.5.0/../../../../x86_64-pc-linux-gnu/include -internal-externc-isystem /include -internal-externc-isystem /usr/include -fdebug-compilation-dir=/data/home/mzw/llvm-13.0.0/include/llvm/Transforms/build/CMakeFiles/CMakeTmp -ferror-limit 19 -fgnuc-version=4.2.1 -faddrsig -D__GCC_HAVE_DWARF2_CFI_ASM=1 -o CMakeFiles/cmTC_dd0fa.dir/CMakeCCompilerABI.c.o -x c /data/public/wuk/env/v1/spack/opt/spack/linux-centos7-zen/gcc-8.5.0/cmake-3.21.4-nvydniyy3o7epsmkovhbb2r2gabeijca/share/cmake-3.21/Modules/CMakeCCompilerABI.c
clang -cc1 version 13.0.0 based upon LLVM 13.0.0 default target x86_64-unknown-linux-gnu
ignoring nonexistent directory "/data/public/wuk/env/v1/spack/opt/spack/linux-centos7-x86_64_v3/gcc-4.8.5/gcc-8.5.0-r653aprkmt2xeqxzz4locto6dy3hxl47/lib/gcc/x86_64-pc-linux-gnu/8.5.0/../../../../x86_64-pc-linux-gnu/include"
ignoring nonexistent directory "/include"
#include "..." search starts here:
#include <...> search starts here:
 /data/public/wuk/env/v1/spack/opt/spack/linux-centos7-zen/gcc-8.5.0/python-3.8.12-fa5lwqyxtqcfzodyclydhmrolzk24ffh/include/python3.8
 /data/public/wuk/env/v1/spack/opt/spack/linux-centos7-zen/gcc-8.5.0/llvm-13.0.0-xbscawasf5osltzsgjjjvglsqblznv44/lib/clang/13.0.0/include
 /usr/local/include
 /usr/include
End of search list.
Linking C executable cmTC_dd0fa
/data/public/wuk/env/v1/spack/opt/spack/linux-centos7-zen/gcc-8.5.0/cmake-3.21.4-nvydniyy3o7epsmkovhbb2r2gabeijca/bin/cmake -E cmake_link_script CMakeFiles/cmTC_dd0fa.dir/link.txt --verbose=1
/data/public/wuk/env/v1/spack/opt/spack/linux-centos7-zen/gcc-8.5.0/llvm-13.0.0-xbscawasf5osltzsgjjjvglsqblznv44/bin/clang  -v -rdynamic CMakeFiles/cmTC_dd0fa.dir/CMakeCCompilerABI.c.o -o cmTC_dd0fa 
clang version 13.0.0
Target: x86_64-unknown-linux-gnu
Thread model: posix
InstalledDir: /data/public/wuk/env/v1/spack/opt/spack/linux-centos7-zen/gcc-8.5.0/llvm-13.0.0-xbscawasf5osltzsgjjjvglsqblznv44/bin
Found candidate GCC installation: /data/public/wuk/env/v1/spack/opt/spack/linux-centos7-x86_64_v3/gcc-4.8.5/gcc-8.5.0-r653aprkmt2xeqxzz4locto6dy3hxl47/lib/gcc/x86_64-pc-linux-gnu/8.5.0
Selected GCC installation: /data/public/wuk/env/v1/spack/opt/spack/linux-centos7-x86_64_v3/gcc-4.8.5/gcc-8.5.0-r653aprkmt2xeqxzz4locto6dy3hxl47/lib/gcc/x86_64-pc-linux-gnu/8.5.0
Candidate multilib: .;@m64
Selected multilib: .;@m64
Found CUDA installation: /data/public/wuk/env/v1/spack/opt/spack/linux-centos7-zen/gcc-8.5.0/cuda-11.4.2-hp5vmtyvx3orti3ib3zvhradgg7ilfp5, version 11.2
Found HIP installation: /opt/rocm, version 4.4.21401
 "/data/public/wuk/env/v1/spack/opt/spack/linux-centos7-zen/gcc-8.5.0/binutils-2.37-3cnjopyfacs6wrymwn5alcvuzmk7rblp/bin/ld" -export-dynamic --hash-style=gnu --eh-frame-hdr -m elf_x86_64 -export-dynamic -dynamic-linker /lib64/ld-linux-x86-64.so.2 -o cmTC_dd0fa /lib/../lib64/crt1.o /lib/../lib64/crti.o /data/public/wuk/env/v1/spack/opt/spack/linux-centos7-x86_64_v3/gcc-4.8.5/gcc-8.5.0-r653aprkmt2xeqxzz4locto6dy3hxl47/lib/gcc/x86_64-pc-linux-gnu/8.5.0/crtbegin.o -L/data/public/wuk/env/v1/spack/opt/spack/linux-centos7-x86_64_v3/gcc-4.8.5/gcc-8.5.0-r653aprkmt2xeqxzz4locto6dy3hxl47/lib/gcc/x86_64-pc-linux-gnu/8.5.0 -L/data/public/wuk/env/v1/spack/opt/spack/linux-centos7-x86_64_v3/gcc-4.8.5/gcc-8.5.0-r653aprkmt2xeqxzz4locto6dy3hxl47/lib/gcc/x86_64-pc-linux-gnu/8.5.0/../../../../lib64 -L/lib/../lib64 -L/usr/lib/../lib64 -L/data/public/wuk/env/v1/spack/opt/spack/linux-centos7-zen/gcc-8.5.0/llvm-13.0.0-xbscawasf5osltzsgjjjvglsqblznv44/bin/../lib -L/lib -L/usr/lib CMakeFiles/cmTC_dd0fa.dir/CMakeCCompilerABI.c.o -lgcc --as-needed -lgcc_s --no-as-needed -lc -lgcc --as-needed -lgcc_s --no-as-needed /data/public/wuk/env/v1/spack/opt/spack/linux-centos7-x86_64_v3/gcc-4.8.5/gcc-8.5.0-r653aprkmt2xeqxzz4locto6dy3hxl47/lib/gcc/x86_64-pc-linux-gnu/8.5.0/crtend.o /lib/../lib64/crtn.o
gmake[1]: Leaving directory `/data/home/mzw/llvm-13.0.0/include/llvm/Transforms/build/CMakeFiles/CMakeTmp'



Parsed C implicit include dir info from above output: rv=done
  found start of include info
  found start of implicit include info
    add: [/data/public/wuk/env/v1/spack/opt/spack/linux-centos7-zen/gcc-8.5.0/python-3.8.12-fa5lwqyxtqcfzodyclydhmrolzk24ffh/include/python3.8]
    add: [/data/public/wuk/env/v1/spack/opt/spack/linux-centos7-zen/gcc-8.5.0/llvm-13.0.0-xbscawasf5osltzsgjjjvglsqblznv44/lib/clang/13.0.0/include]
    add: [/usr/local/include]
    add: [/usr/include]
  end of search list found
  collapse include dir [/data/public/wuk/env/v1/spack/opt/spack/linux-centos7-zen/gcc-8.5.0/python-3.8.12-fa5lwqyxtqcfzodyclydhmrolzk24ffh/include/python3.8] ==> [/data/public/wuk/env/v1/spack/opt/spack/linux-centos7-zen/gcc-8.5.0/python-3.8.12-fa5lwqyxtqcfzodyclydhmrolzk24ffh/include/python3.8]
  collapse include dir [/data/public/wuk/env/v1/spack/opt/spack/linux-centos7-zen/gcc-8.5.0/llvm-13.0.0-xbscawasf5osltzsgjjjvglsqblznv44/lib/clang/13.0.0/include] ==> [/data/public/wuk/env/v1/spack/opt/spack/linux-centos7-zen/gcc-8.5.0/llvm-13.0.0-xbscawasf5osltzsgjjjvglsqblznv44/lib/clang/13.0.0/include]
  collapse include dir [/usr/local/include] ==> [/usr/local/include]
  collapse include dir [/usr/include] ==> [/usr/include]
  implicit include dirs: [/data/public/wuk/env/v1/spack/opt/spack/linux-centos7-zen/gcc-8.5.0/python-3.8.12-fa5lwqyxtqcfzodyclydhmrolzk24ffh/include/python3.8;/data/public/wuk/env/v1/spack/opt/spack/linux-centos7-zen/gcc-8.5.0/llvm-13.0.0-xbscawasf5osltzsgjjjvglsqblznv44/lib/clang/13.0.0/include;/usr/local/include;/usr/include]


Parsed C implicit link information from above output:
  link line regex: [^( *|.*[/\])(ld\.lld|CMAKE_LINK_STARTFILE-NOTFOUND|([^/\]+-)?ld|collect2)[^/\]*( |$)]
  ignore line: [Change Dir: /data/home/mzw/llvm-13.0.0/include/llvm/Transforms/build/CMakeFiles/CMakeTmp]
  ignore line: []
  ignore line: [Run Build Command(s):/usr/bin/gmake -f Makefile cmTC_dd0fa/fast && /usr/bin/gmake  -f CMakeFiles/cmTC_dd0fa.dir/build.make CMakeFiles/cmTC_dd0fa.dir/build]
  ignore line: [gmake[1]: Entering directory `/data/home/mzw/llvm-13.0.0/include/llvm/Transforms/build/CMakeFiles/CMakeTmp']
  ignore line: [Building C object CMakeFiles/cmTC_dd0fa.dir/CMakeCCompilerABI.c.o]
  ignore line: [/data/public/wuk/env/v1/spack/opt/spack/linux-centos7-zen/gcc-8.5.0/llvm-13.0.0-xbscawasf5osltzsgjjjvglsqblznv44/bin/clang   -v -MD -MT CMakeFiles/cmTC_dd0fa.dir/CMakeCCompilerABI.c.o -MF CMakeFiles/cmTC_dd0fa.dir/CMakeCCompilerABI.c.o.d -o CMakeFiles/cmTC_dd0fa.dir/CMakeCCompilerABI.c.o -c /data/public/wuk/env/v1/spack/opt/spack/linux-centos7-zen/gcc-8.5.0/cmake-3.21.4-nvydniyy3o7epsmkovhbb2r2gabeijca/share/cmake-3.21/Modules/CMakeCCompilerABI.c]
  ignore line: [clang version 13.0.0]
  ignore line: [Target: x86_64-unknown-linux-gnu]
  ignore line: [Thread model: posix]
  ignore line: [InstalledDir: /data/public/wuk/env/v1/spack/opt/spack/linux-centos7-zen/gcc-8.5.0/llvm-13.0.0-xbscawasf5osltzsgjjjvglsqblznv44/bin]
  ignore line: [Found candidate GCC installation: /data/public/wuk/env/v1/spack/opt/spack/linux-centos7-x86_64_v3/gcc-4.8.5/gcc-8.5.0-r653aprkmt2xeqxzz4locto6dy3hxl47/lib/gcc/x86_64-pc-linux-gnu/8.5.0]
  ignore line: [Selected GCC installation: /data/public/wuk/env/v1/spack/opt/spack/linux-centos7-x86_64_v3/gcc-4.8.5/gcc-8.5.0-r653aprkmt2xeqxzz4locto6dy3hxl47/lib/gcc/x86_64-pc-linux-gnu/8.5.0]
  ignore line: [Candidate multilib: .]
  ignore line: [@m64]
  ignore line: [Selected multilib: .]
  ignore line: [@m64]
  ignore line: [Found CUDA installation: /data/public/wuk/env/v1/spack/opt/spack/linux-centos7-zen/gcc-8.5.0/cuda-11.4.2-hp5vmtyvx3orti3ib3zvhradgg7ilfp5  version 11.2]
  ignore line: [Found HIP installation: /opt/rocm  version 4.4.21401]
  ignore line: [ (in-process)]
  ignore line: [ "/data/public/wuk/env/v1/spack/opt/spack/linux-centos7-zen/gcc-8.5.0/llvm-13.0.0-xbscawasf5osltzsgjjjvglsqblznv44/bin/clang-13" -cc1 -triple x86_64-unknown-linux-gnu -emit-obj -mrelax-all --mrelax-relocations -disable-free -disable-llvm-verifier -discard-value-names -main-file-name CMakeCCompilerABI.c -mrelocation-model static -mframe-pointer=all -fmath-errno -fno-rounding-math -mconstructor-aliases -munwind-tables -target-cpu x86-64 -tune-cpu generic -debugger-tuning=gdb -v -fcoverage-compilation-dir=/data/home/mzw/llvm-13.0.0/include/llvm/Transforms/build/CMakeFiles/CMakeTmp -resource-dir /data/public/wuk/env/v1/spack/opt/spack/linux-centos7-zen/gcc-8.5.0/llvm-13.0.0-xbscawasf5osltzsgjjjvglsqblznv44/lib/clang/13.0.0 -dependency-file CMakeFiles/cmTC_dd0fa.dir/CMakeCCompilerABI.c.o.d -MT CMakeFiles/cmTC_dd0fa.dir/CMakeCCompilerABI.c.o -sys-header-deps -I/data/public/wuk/env/v1/spack/opt/spack/linux-centos7-zen/gcc-8.5.0/python-3.8.12-fa5lwqyxtqcfzodyclydhmrolzk24ffh/include/python3.8 -internal-isystem /data/public/wuk/env/v1/spack/opt/spack/linux-centos7-zen/gcc-8.5.0/llvm-13.0.0-xbscawasf5osltzsgjjjvglsqblznv44/lib/clang/13.0.0/include -internal-isystem /usr/local/include -internal-isystem /data/public/wuk/env/v1/spack/opt/spack/linux-centos7-x86_64_v3/gcc-4.8.5/gcc-8.5.0-r653aprkmt2xeqxzz4locto6dy3hxl47/lib/gcc/x86_64-pc-linux-gnu/8.5.0/../../../../x86_64-pc-linux-gnu/include -internal-externc-isystem /include -internal-externc-isystem /usr/include -fdebug-compilation-dir=/data/home/mzw/llvm-13.0.0/include/llvm/Transforms/build/CMakeFiles/CMakeTmp -ferror-limit 19 -fgnuc-version=4.2.1 -faddrsig -D__GCC_HAVE_DWARF2_CFI_ASM=1 -o CMakeFiles/cmTC_dd0fa.dir/CMakeCCompilerABI.c.o -x c /data/public/wuk/env/v1/spack/opt/spack/linux-centos7-zen/gcc-8.5.0/cmake-3.21.4-nvydniyy3o7epsmkovhbb2r2gabeijca/share/cmake-3.21/Modules/CMakeCCompilerABI.c]
  ignore line: [clang -cc1 version 13.0.0 based upon LLVM 13.0.0 default target x86_64-unknown-linux-gnu]
  ignore line: [ignoring nonexistent directory "/data/public/wuk/env/v1/spack/opt/spack/linux-centos7-x86_64_v3/gcc-4.8.5/gcc-8.5.0-r653aprkmt2xeqxzz4locto6dy3hxl47/lib/gcc/x86_64-pc-linux-gnu/8.5.0/../../../../x86_64-pc-linux-gnu/include"]
  ignore line: [ignoring nonexistent directory "/include"]
  ignore line: [#include "..." search starts here:]
  ignore line: [#include <...> search starts here:]
  ignore line: [ /data/public/wuk/env/v1/spack/opt/spack/linux-centos7-zen/gcc-8.5.0/python-3.8.12-fa5lwqyxtqcfzodyclydhmrolzk24ffh/include/python3.8]
  ignore line: [ /data/public/wuk/env/v1/spack/opt/spack/linux-centos7-zen/gcc-8.5.0/llvm-13.0.0-xbscawasf5osltzsgjjjvglsqblznv44/lib/clang/13.0.0/include]
  ignore line: [ /usr/local/include]
  ignore line: [ /usr/include]
  ignore line: [End of search list.]
  ignore line: [Linking C executable cmTC_dd0fa]
  ignore line: [/data/public/wuk/env/v1/spack/opt/spack/linux-centos7-zen/gcc-8.5.0/cmake-3.21.4-nvydniyy3o7epsmkovhbb2r2gabeijca/bin/cmake -E cmake_link_script CMakeFiles/cmTC_dd0fa.dir/link.txt --verbose=1]
  ignore line: [/data/public/wuk/env/v1/spack/opt/spack/linux-centos7-zen/gcc-8.5.0/llvm-13.0.0-xbscawasf5osltzsgjjjvglsqblznv44/bin/clang  -v -rdynamic CMakeFiles/cmTC_dd0fa.dir/CMakeCCompilerABI.c.o -o cmTC_dd0fa ]
  ignore line: [clang version 13.0.0]
  ignore line: [Target: x86_64-unknown-linux-gnu]
  ignore line: [Thread model: posix]
  ignore line: [InstalledDir: /data/public/wuk/env/v1/spack/opt/spack/linux-centos7-zen/gcc-8.5.0/llvm-13.0.0-xbscawasf5osltzsgjjjvglsqblznv44/bin]
  ignore line: [Found candidate GCC installation: /data/public/wuk/env/v1/spack/opt/spack/linux-centos7-x86_64_v3/gcc-4.8.5/gcc-8.5.0-r653aprkmt2xeqxzz4locto6dy3hxl47/lib/gcc/x86_64-pc-linux-gnu/8.5.0]
  ignore line: [Selected GCC installation: /data/public/wuk/env/v1/spack/opt/spack/linux-centos7-x86_64_v3/gcc-4.8.5/gcc-8.5.0-r653aprkmt2xeqxzz4locto6dy3hxl47/lib/gcc/x86_64-pc-linux-gnu/8.5.0]
  ignore line: [Candidate multilib: .]
  ignore line: [@m64]
  ignore line: [Selected multilib: .]
  ignore line: [@m64]
  ignore line: [Found CUDA installation: /data/public/wuk/env/v1/spack/opt/spack/linux-centos7-zen/gcc-8.5.0/cuda-11.4.2-hp5vmtyvx3orti3ib3zvhradgg7ilfp5  version 11.2]
  ignore line: [Found HIP installation: /opt/rocm  version 4.4.21401]
  link line: [ "/data/public/wuk/env/v1/spack/opt/spack/linux-centos7-zen/gcc-8.5.0/binutils-2.37-3cnjopyfacs6wrymwn5alcvuzmk7rblp/bin/ld" -export-dynamic --hash-style=gnu --eh-frame-hdr -m elf_x86_64 -export-dynamic -dynamic-linker /lib64/ld-linux-x86-64.so.2 -o cmTC_dd0fa /lib/../lib64/crt1.o /lib/../lib64/crti.o /data/public/wuk/env/v1/spack/opt/spack/linux-centos7-x86_64_v3/gcc-4.8.5/gcc-8.5.0-r653aprkmt2xeqxzz4locto6dy3hxl47/lib/gcc/x86_64-pc-linux-gnu/8.5.0/crtbegin.o -L/data/public/wuk/env/v1/spack/opt/spack/linux-centos7-x86_64_v3/gcc-4.8.5/gcc-8.5.0-r653aprkmt2xeqxzz4locto6dy3hxl47/lib/gcc/x86_64-pc-linux-gnu/8.5.0 -L/data/public/wuk/env/v1/spack/opt/spack/linux-centos7-x86_64_v3/gcc-4.8.5/gcc-8.5.0-r653aprkmt2xeqxzz4locto6dy3hxl47/lib/gcc/x86_64-pc-linux-gnu/8.5.0/../../../../lib64 -L/lib/../lib64 -L/usr/lib/../lib64 -L/data/public/wuk/env/v1/spack/opt/spack/linux-centos7-zen/gcc-8.5.0/llvm-13.0.0-xbscawasf5osltzsgjjjvglsqblznv44/bin/../lib -L/lib -L/usr/lib CMakeFiles/cmTC_dd0fa.dir/CMakeCCompilerABI.c.o -lgcc --as-needed -lgcc_s --no-as-needed -lc -lgcc --as-needed -lgcc_s --no-as-needed /data/public/wuk/env/v1/spack/opt/spack/linux-centos7-x86_64_v3/gcc-4.8.5/gcc-8.5.0-r653aprkmt2xeqxzz4locto6dy3hxl47/lib/gcc/x86_64-pc-linux-gnu/8.5.0/crtend.o /lib/../lib64/crtn.o]
    arg [/data/public/wuk/env/v1/spack/opt/spack/linux-centos7-zen/gcc-8.5.0/binutils-2.37-3cnjopyfacs6wrymwn5alcvuzmk7rblp/bin/ld] ==> ignore
    arg [-export-dynamic] ==> ignore
    arg [--hash-style=gnu] ==> ignore
    arg [--eh-frame-hdr] ==> ignore
    arg [-m] ==> ignore
    arg [elf_x86_64] ==> ignore
    arg [-export-dynamic] ==> ignore
    arg [-dynamic-linker] ==> ignore
    arg [/lib64/ld-linux-x86-64.so.2] ==> ignore
    arg [-o] ==> ignore
    arg [cmTC_dd0fa] ==> ignore
    arg [/lib/../lib64/crt1.o] ==> obj [/lib/../lib64/crt1.o]
    arg [/lib/../lib64/crti.o] ==> obj [/lib/../lib64/crti.o]
    arg [/data/public/wuk/env/v1/spack/opt/spack/linux-centos7-x86_64_v3/gcc-4.8.5/gcc-8.5.0-r653aprkmt2xeqxzz4locto6dy3hxl47/lib/gcc/x86_64-pc-linux-gnu/8.5.0/crtbegin.o] ==> obj [/data/public/wuk/env/v1/spack/opt/spack/linux-centos7-x86_64_v3/gcc-4.8.5/gcc-8.5.0-r653aprkmt2xeqxzz4locto6dy3hxl47/lib/gcc/x86_64-pc-linux-gnu/8.5.0/crtbegin.o]
    arg [-L/data/public/wuk/env/v1/spack/opt/spack/linux-centos7-x86_64_v3/gcc-4.8.5/gcc-8.5.0-r653aprkmt2xeqxzz4locto6dy3hxl47/lib/gcc/x86_64-pc-linux-gnu/8.5.0] ==> dir [/data/public/wuk/env/v1/spack/opt/spack/linux-centos7-x86_64_v3/gcc-4.8.5/gcc-8.5.0-r653aprkmt2xeqxzz4locto6dy3hxl47/lib/gcc/x86_64-pc-linux-gnu/8.5.0]
    arg [-L/data/public/wuk/env/v1/spack/opt/spack/linux-centos7-x86_64_v3/gcc-4.8.5/gcc-8.5.0-r653aprkmt2xeqxzz4locto6dy3hxl47/lib/gcc/x86_64-pc-linux-gnu/8.5.0/../../../../lib64] ==> dir [/data/public/wuk/env/v1/spack/opt/spack/linux-centos7-x86_64_v3/gcc-4.8.5/gcc-8.5.0-r653aprkmt2xeqxzz4locto6dy3hxl47/lib/gcc/x86_64-pc-linux-gnu/8.5.0/../../../../lib64]
    arg [-L/lib/../lib64] ==> dir [/lib/../lib64]
    arg [-L/usr/lib/../lib64] ==> dir [/usr/lib/../lib64]
    arg [-L/data/public/wuk/env/v1/spack/opt/spack/linux-centos7-zen/gcc-8.5.0/llvm-13.0.0-xbscawasf5osltzsgjjjvglsqblznv44/bin/../lib] ==> dir [/data/public/wuk/env/v1/spack/opt/spack/linux-centos7-zen/gcc-8.5.0/llvm-13.0.0-xbscawasf5osltzsgjjjvglsqblznv44/bin/../lib]
    arg [-L/lib] ==> dir [/lib]
    arg [-L/usr/lib] ==> dir [/usr/lib]
    arg [CMakeFiles/cmTC_dd0fa.dir/CMakeCCompilerABI.c.o] ==> ignore
    arg [-lgcc] ==> lib [gcc]
    arg [--as-needed] ==> ignore
    arg [-lgcc_s] ==> lib [gcc_s]
    arg [--no-as-needed] ==> ignore
    arg [-lc] ==> lib [c]
    arg [-lgcc] ==> lib [gcc]
    arg [--as-needed] ==> ignore
    arg [-lgcc_s] ==> lib [gcc_s]
    arg [--no-as-needed] ==> ignore
    arg [/data/public/wuk/env/v1/spack/opt/spack/linux-centos7-x86_64_v3/gcc-4.8.5/gcc-8.5.0-r653aprkmt2xeqxzz4locto6dy3hxl47/lib/gcc/x86_64-pc-linux-gnu/8.5.0/crtend.o] ==> obj [/data/public/wuk/env/v1/spack/opt/spack/linux-centos7-x86_64_v3/gcc-4.8.5/gcc-8.5.0-r653aprkmt2xeqxzz4locto6dy3hxl47/lib/gcc/x86_64-pc-linux-gnu/8.5.0/crtend.o]
    arg [/lib/../lib64/crtn.o] ==> obj [/lib/../lib64/crtn.o]
  collapse obj [/lib/../lib64/crt1.o] ==> [/lib64/crt1.o]
  collapse obj [/lib/../lib64/crti.o] ==> [/lib64/crti.o]
  collapse obj [/lib/../lib64/crtn.o] ==> [/lib64/crtn.o]
  collapse library dir [/data/public/wuk/env/v1/spack/opt/spack/linux-centos7-x86_64_v3/gcc-4.8.5/gcc-8.5.0-r653aprkmt2xeqxzz4locto6dy3hxl47/lib/gcc/x86_64-pc-linux-gnu/8.5.0] ==> [/data/public/wuk/env/v1/spack/opt/spack/linux-centos7-x86_64_v3/gcc-4.8.5/gcc-8.5.0-r653aprkmt2xeqxzz4locto6dy3hxl47/lib/gcc/x86_64-pc-linux-gnu/8.5.0]
  collapse library dir [/data/public/wuk/env/v1/spack/opt/spack/linux-centos7-x86_64_v3/gcc-4.8.5/gcc-8.5.0-r653aprkmt2xeqxzz4locto6dy3hxl47/lib/gcc/x86_64-pc-linux-gnu/8.5.0/../../../../lib64] ==> [/data/public/wuk/env/v1/spack/opt/spack/linux-centos7-x86_64_v3/gcc-4.8.5/gcc-8.5.0-r653aprkmt2xeqxzz4locto6dy3hxl47/lib64]
  collapse library dir [/lib/../lib64] ==> [/lib64]
  collapse library dir [/usr/lib/../lib64] ==> [/usr/lib64]
  collapse library dir [/data/public/wuk/env/v1/spack/opt/spack/linux-centos7-zen/gcc-8.5.0/llvm-13.0.0-xbscawasf5osltzsgjjjvglsqblznv44/bin/../lib] ==> [/data/public/wuk/env/v1/spack/opt/spack/linux-centos7-zen/gcc-8.5.0/llvm-13.0.0-xbscawasf5osltzsgjjjvglsqblznv44/lib]
  collapse library dir [/lib] ==> [/lib]
  collapse library dir [/usr/lib] ==> [/usr/lib]
  implicit libs: [gcc;gcc_s;c;gcc;gcc_s]
  implicit objs: [/lib64/crt1.o;/lib64/crti.o;/data/public/wuk/env/v1/spack/opt/spack/linux-centos7-x86_64_v3/gcc-4.8.5/gcc-8.5.0-r653aprkmt2xeqxzz4locto6dy3hxl47/lib/gcc/x86_64-pc-linux-gnu/8.5.0/crtbegin.o;/data/public/wuk/env/v1/spack/opt/spack/linux-centos7-x86_64_v3/gcc-4.8.5/gcc-8.5.0-r653aprkmt2xeqxzz4locto6dy3hxl47/lib/gcc/x86_64-pc-linux-gnu/8.5.0/crtend.o;/lib64/crtn.o]
  implicit dirs: [/data/public/wuk/env/v1/spack/opt/spack/linux-centos7-x86_64_v3/gcc-4.8.5/gcc-8.5.0-r653aprkmt2xeqxzz4locto6dy3hxl47/lib/gcc/x86_64-pc-linux-gnu/8.5.0;/data/public/wuk/env/v1/spack/opt/spack/linux-centos7-x86_64_v3/gcc-4.8.5/gcc-8.5.0-r653aprkmt2xeqxzz4locto6dy3hxl47/lib64;/lib64;/usr/lib64;/data/public/wuk/env/v1/spack/opt/spack/linux-centos7-zen/gcc-8.5.0/llvm-13.0.0-xbscawasf5osltzsgjjjvglsqblznv44/lib;/lib;/usr/lib]
  implicit fwks: []


Detecting CXX compiler ABI info compiled with the following output:
Change Dir: /data/home/mzw/llvm-13.0.0/include/llvm/Transforms/build/CMakeFiles/CMakeTmp

Run Build Command(s):/usr/bin/gmake -f Makefile cmTC_62ac0/fast && /usr/bin/gmake  -f CMakeFiles/cmTC_62ac0.dir/build.make CMakeFiles/cmTC_62ac0.dir/build
gmake[1]: Entering directory `/data/home/mzw/llvm-13.0.0/include/llvm/Transforms/build/CMakeFiles/CMakeTmp'
Building CXX object CMakeFiles/cmTC_62ac0.dir/CMakeCXXCompilerABI.cpp.o
/data/public/wuk/env/v1/spack/opt/spack/linux-centos7-zen/gcc-8.5.0/llvm-13.0.0-xbscawasf5osltzsgjjjvglsqblznv44/bin/clang++   -v -MD -MT CMakeFiles/cmTC_62ac0.dir/CMakeCXXCompilerABI.cpp.o -MF CMakeFiles/cmTC_62ac0.dir/CMakeCXXCompilerABI.cpp.o.d -o CMakeFiles/cmTC_62ac0.dir/CMakeCXXCompilerABI.cpp.o -c /data/public/wuk/env/v1/spack/opt/spack/linux-centos7-zen/gcc-8.5.0/cmake-3.21.4-nvydniyy3o7epsmkovhbb2r2gabeijca/share/cmake-3.21/Modules/CMakeCXXCompilerABI.cpp
clang version 13.0.0
Target: x86_64-unknown-linux-gnu
Thread model: posix
InstalledDir: /data/public/wuk/env/v1/spack/opt/spack/linux-centos7-zen/gcc-8.5.0/llvm-13.0.0-xbscawasf5osltzsgjjjvglsqblznv44/bin
Found candidate GCC installation: /data/public/wuk/env/v1/spack/opt/spack/linux-centos7-x86_64_v3/gcc-4.8.5/gcc-8.5.0-r653aprkmt2xeqxzz4locto6dy3hxl47/lib/gcc/x86_64-pc-linux-gnu/8.5.0
Selected GCC installation: /data/public/wuk/env/v1/spack/opt/spack/linux-centos7-x86_64_v3/gcc-4.8.5/gcc-8.5.0-r653aprkmt2xeqxzz4locto6dy3hxl47/lib/gcc/x86_64-pc-linux-gnu/8.5.0
Candidate multilib: .;@m64
Selected multilib: .;@m64
Found CUDA installation: /data/public/wuk/env/v1/spack/opt/spack/linux-centos7-zen/gcc-8.5.0/cuda-11.4.2-hp5vmtyvx3orti3ib3zvhradgg7ilfp5, version 11.2
Found HIP installation: /opt/rocm, version 4.4.21401
 (in-process)
 "/data/public/wuk/env/v1/spack/opt/spack/linux-centos7-zen/gcc-8.5.0/llvm-13.0.0-xbscawasf5osltzsgjjjvglsqblznv44/bin/clang-13" -cc1 -triple x86_64-unknown-linux-gnu -emit-obj -mrelax-all --mrelax-relocations -disable-free -disable-llvm-verifier -discard-value-names -main-file-name CMakeCXXCompilerABI.cpp -mrelocation-model static -mframe-pointer=all -fmath-errno -fno-rounding-math -mconstructor-aliases -munwind-tables -target-cpu x86-64 -tune-cpu generic -debugger-tuning=gdb -v -fcoverage-compilation-dir=/data/home/mzw/llvm-13.0.0/include/llvm/Transforms/build/CMakeFiles/CMakeTmp -resource-dir /data/public/wuk/env/v1/spack/opt/spack/linux-centos7-zen/gcc-8.5.0/llvm-13.0.0-xbscawasf5osltzsgjjjvglsqblznv44/lib/clang/13.0.0 -dependency-file CMakeFiles/cmTC_62ac0.dir/CMakeCXXCompilerABI.cpp.o.d -MT CMakeFiles/cmTC_62ac0.dir/CMakeCXXCompilerABI.cpp.o -sys-header-deps -I/data/public/wuk/env/v1/spack/opt/spack/linux-centos7-zen/gcc-8.5.0/python-3.8.12-fa5lwqyxtqcfzodyclydhmrolzk24ffh/include/python3.8 -internal-isystem /data/public/wuk/env/v1/spack/opt/spack/linux-centos7-x86_64_v3/gcc-4.8.5/gcc-8.5.0-r653aprkmt2xeqxzz4locto6dy3hxl47/lib/gcc/x86_64-pc-linux-gnu/8.5.0/../../../../include/c++/8.5.0 -internal-isystem /data/public/wuk/env/v1/spack/opt/spack/linux-centos7-x86_64_v3/gcc-4.8.5/gcc-8.5.0-r653aprkmt2xeqxzz4locto6dy3hxl47/lib/gcc/x86_64-pc-linux-gnu/8.5.0/../../../../include/c++/8.5.0/x86_64-pc-linux-gnu -internal-isystem /data/public/wuk/env/v1/spack/opt/spack/linux-centos7-x86_64_v3/gcc-4.8.5/gcc-8.5.0-r653aprkmt2xeqxzz4locto6dy3hxl47/lib/gcc/x86_64-pc-linux-gnu/8.5.0/../../../../include/c++/8.5.0/backward -internal-isystem /data/public/wuk/env/v1/spack/opt/spack/linux-centos7-zen/gcc-8.5.0/llvm-13.0.0-xbscawasf5osltzsgjjjvglsqblznv44/lib/clang/13.0.0/include -internal-isystem /usr/local/include -internal-isystem /data/public/wuk/env/v1/spack/opt/spack/linux-centos7-x86_64_v3/gcc-4.8.5/gcc-8.5.0-r653aprkmt2xeqxzz4locto6dy3hxl47/lib/gcc/x86_64-pc-linux-gnu/8.5.0/../../../../x86_64-pc-linux-gnu/include -internal-externc-isystem /include -internal-externc-isystem /usr/include -fdeprecated-macro -fdebug-compilation-dir=/data/home/mzw/llvm-13.0.0/include/llvm/Transforms/build/CMakeFiles/CMakeTmp -ferror-limit 19 -fgnuc-version=4.2.1 -fcxx-exceptions -fexceptions -faddrsig -D__GCC_HAVE_DWARF2_CFI_ASM=1 -o CMakeFiles/cmTC_62ac0.dir/CMakeCXXCompilerABI.cpp.o -x c++ /data/public/wuk/env/v1/spack/opt/spack/linux-centos7-zen/gcc-8.5.0/cmake-3.21.4-nvydniyy3o7epsmkovhbb2r2gabeijca/share/cmake-3.21/Modules/CMakeCXXCompilerABI.cpp
clang -cc1 version 13.0.0 based upon LLVM 13.0.0 default target x86_64-unknown-linux-gnu
ignoring nonexistent directory "/data/public/wuk/env/v1/spack/opt/spack/linux-centos7-x86_64_v3/gcc-4.8.5/gcc-8.5.0-r653aprkmt2xeqxzz4locto6dy3hxl47/lib/gcc/x86_64-pc-linux-gnu/8.5.0/../../../../x86_64-pc-linux-gnu/include"
ignoring nonexistent directory "/include"
#include "..." search starts here:
#include <...> search starts here:
 /data/public/wuk/env/v1/spack/opt/spack/linux-centos7-zen/gcc-8.5.0/python-3.8.12-fa5lwqyxtqcfzodyclydhmrolzk24ffh/include/python3.8
 /data/public/wuk/env/v1/spack/opt/spack/linux-centos7-x86_64_v3/gcc-4.8.5/gcc-8.5.0-r653aprkmt2xeqxzz4locto6dy3hxl47/lib/gcc/x86_64-pc-linux-gnu/8.5.0/../../../../include/c++/8.5.0
 /data/public/wuk/env/v1/spack/opt/spack/linux-centos7-x86_64_v3/gcc-4.8.5/gcc-8.5.0-r653aprkmt2xeqxzz4locto6dy3hxl47/lib/gcc/x86_64-pc-linux-gnu/8.5.0/../../../../include/c++/8.5.0/x86_64-pc-linux-gnu
 /data/public/wuk/env/v1/spack/opt/spack/linux-centos7-x86_64_v3/gcc-4.8.5/gcc-8.5.0-r653aprkmt2xeqxzz4locto6dy3hxl47/lib/gcc/x86_64-pc-linux-gnu/8.5.0/../../../../include/c++/8.5.0/backward
 /data/public/wuk/env/v1/spack/opt/spack/linux-centos7-zen/gcc-8.5.0/llvm-13.0.0-xbscawasf5osltzsgjjjvglsqblznv44/lib/clang/13.0.0/include
 /usr/local/include
 /usr/include
End of search list.
Linking CXX executable cmTC_62ac0
/data/public/wuk/env/v1/spack/opt/spack/linux-centos7-zen/gcc-8.5.0/cmake-3.21.4-nvydniyy3o7epsmkovhbb2r2gabeijca/bin/cmake -E cmake_link_script CMakeFiles/cmTC_62ac0.dir/link.txt --verbose=1
/data/public/wuk/env/v1/spack/opt/spack/linux-centos7-zen/gcc-8.5.0/llvm-13.0.0-xbscawasf5osltzsgjjjvglsqblznv44/bin/clang++  -v -rdynamic CMakeFiles/cmTC_62ac0.dir/CMakeCXXCompilerABI.cpp.o -o cmTC_62ac0 
clang version 13.0.0
Target: x86_64-unknown-linux-gnu
Thread model: posix
InstalledDir: /data/public/wuk/env/v1/spack/opt/spack/linux-centos7-zen/gcc-8.5.0/llvm-13.0.0-xbscawasf5osltzsgjjjvglsqblznv44/bin
Found candidate GCC installation: /data/public/wuk/env/v1/spack/opt/spack/linux-centos7-x86_64_v3/gcc-4.8.5/gcc-8.5.0-r653aprkmt2xeqxzz4locto6dy3hxl47/lib/gcc/x86_64-pc-linux-gnu/8.5.0
Selected GCC installation: /data/public/wuk/env/v1/spack/opt/spack/linux-centos7-x86_64_v3/gcc-4.8.5/gcc-8.5.0-r653aprkmt2xeqxzz4locto6dy3hxl47/lib/gcc/x86_64-pc-linux-gnu/8.5.0
Candidate multilib: .;@m64
Selected multilib: .;@m64
Found CUDA installation: /data/public/wuk/env/v1/spack/opt/spack/linux-centos7-zen/gcc-8.5.0/cuda-11.4.2-hp5vmtyvx3orti3ib3zvhradgg7ilfp5, version 11.2
Found HIP installation: /opt/rocm, version 4.4.21401
 "/data/public/wuk/env/v1/spack/opt/spack/linux-centos7-zen/gcc-8.5.0/binutils-2.37-3cnjopyfacs6wrymwn5alcvuzmk7rblp/bin/ld" -export-dynamic --hash-style=gnu --eh-frame-hdr -m elf_x86_64 -export-dynamic -dynamic-linker /lib64/ld-linux-x86-64.so.2 -o cmTC_62ac0 /lib/../lib64/crt1.o /lib/../lib64/crti.o /data/public/wuk/env/v1/spack/opt/spack/linux-centos7-x86_64_v3/gcc-4.8.5/gcc-8.5.0-r653aprkmt2xeqxzz4locto6dy3hxl47/lib/gcc/x86_64-pc-linux-gnu/8.5.0/crtbegin.o -L/data/public/wuk/env/v1/spack/opt/spack/linux-centos7-x86_64_v3/gcc-4.8.5/gcc-8.5.0-r653aprkmt2xeqxzz4locto6dy3hxl47/lib/gcc/x86_64-pc-linux-gnu/8.5.0 -L/data/public/wuk/env/v1/spack/opt/spack/linux-centos7-x86_64_v3/gcc-4.8.5/gcc-8.5.0-r653aprkmt2xeqxzz4locto6dy3hxl47/lib/gcc/x86_64-pc-linux-gnu/8.5.0/../../../../lib64 -L/lib/../lib64 -L/usr/lib/../lib64 -L/data/public/wuk/env/v1/spack/opt/spack/linux-centos7-zen/gcc-8.5.0/llvm-13.0.0-xbscawasf5osltzsgjjjvglsqblznv44/bin/../lib -L/lib -L/usr/lib CMakeFiles/cmTC_62ac0.dir/CMakeCXXCompilerABI.cpp.o -lstdc++ -lm -lgcc_s -lgcc -lc -lgcc_s -lgcc /data/public/wuk/env/v1/spack/opt/spack/linux-centos7-x86_64_v3/gcc-4.8.5/gcc-8.5.0-r653aprkmt2xeqxzz4locto6dy3hxl47/lib/gcc/x86_64-pc-linux-gnu/8.5.0/crtend.o /lib/../lib64/crtn.o
gmake[1]: Leaving directory `/data/home/mzw/llvm-13.0.0/include/llvm/Transforms/build/CMakeFiles/CMakeTmp'



Parsed CXX implicit include dir info from above output: rv=done
  found start of include info
  found start of implicit include info
    add: [/data/public/wuk/env/v1/spack/opt/spack/linux-centos7-zen/gcc-8.5.0/python-3.8.12-fa5lwqyxtqcfzodyclydhmrolzk24ffh/include/python3.8]
    add: [/data/public/wuk/env/v1/spack/opt/spack/linux-centos7-x86_64_v3/gcc-4.8.5/gcc-8.5.0-r653aprkmt2xeqxzz4locto6dy3hxl47/lib/gcc/x86_64-pc-linux-gnu/8.5.0/../../../../include/c++/8.5.0]
    add: [/data/public/wuk/env/v1/spack/opt/spack/linux-centos7-x86_64_v3/gcc-4.8.5/gcc-8.5.0-r653aprkmt2xeqxzz4locto6dy3hxl47/lib/gcc/x86_64-pc-linux-gnu/8.5.0/../../../../include/c++/8.5.0/x86_64-pc-linux-gnu]
    add: [/data/public/wuk/env/v1/spack/opt/spack/linux-centos7-x86_64_v3/gcc-4.8.5/gcc-8.5.0-r653aprkmt2xeqxzz4locto6dy3hxl47/lib/gcc/x86_64-pc-linux-gnu/8.5.0/../../../../include/c++/8.5.0/backward]
    add: [/data/public/wuk/env/v1/spack/opt/spack/linux-centos7-zen/gcc-8.5.0/llvm-13.0.0-xbscawasf5osltzsgjjjvglsqblznv44/lib/clang/13.0.0/include]
    add: [/usr/local/include]
    add: [/usr/include]
  end of search list found
  collapse include dir [/data/public/wuk/env/v1/spack/opt/spack/linux-centos7-zen/gcc-8.5.0/python-3.8.12-fa5lwqyxtqcfzodyclydhmrolzk24ffh/include/python3.8] ==> [/data/public/wuk/env/v1/spack/opt/spack/linux-centos7-zen/gcc-8.5.0/python-3.8.12-fa5lwqyxtqcfzodyclydhmrolzk24ffh/include/python3.8]
  collapse include dir [/data/public/wuk/env/v1/spack/opt/spack/linux-centos7-x86_64_v3/gcc-4.8.5/gcc-8.5.0-r653aprkmt2xeqxzz4locto6dy3hxl47/lib/gcc/x86_64-pc-linux-gnu/8.5.0/../../../../include/c++/8.5.0] ==> [/data/public/wuk/env/v1/spack/opt/spack/linux-centos7-x86_64_v3/gcc-4.8.5/gcc-8.5.0-r653aprkmt2xeqxzz4locto6dy3hxl47/include/c++/8.5.0]
  collapse include dir [/data/public/wuk/env/v1/spack/opt/spack/linux-centos7-x86_64_v3/gcc-4.8.5/gcc-8.5.0-r653aprkmt2xeqxzz4locto6dy3hxl47/lib/gcc/x86_64-pc-linux-gnu/8.5.0/../../../../include/c++/8.5.0/x86_64-pc-linux-gnu] ==> [/data/public/wuk/env/v1/spack/opt/spack/linux-centos7-x86_64_v3/gcc-4.8.5/gcc-8.5.0-r653aprkmt2xeqxzz4locto6dy3hxl47/include/c++/8.5.0/x86_64-pc-linux-gnu]
  collapse include dir [/data/public/wuk/env/v1/spack/opt/spack/linux-centos7-x86_64_v3/gcc-4.8.5/gcc-8.5.0-r653aprkmt2xeqxzz4locto6dy3hxl47/lib/gcc/x86_64-pc-linux-gnu/8.5.0/../../../../include/c++/8.5.0/backward] ==> [/data/public/wuk/env/v1/spack/opt/spack/linux-centos7-x86_64_v3/gcc-4.8.5/gcc-8.5.0-r653aprkmt2xeqxzz4locto6dy3hxl47/include/c++/8.5.0/backward]
  collapse include dir [/data/public/wuk/env/v1/spack/opt/spack/linux-centos7-zen/gcc-8.5.0/llvm-13.0.0-xbscawasf5osltzsgjjjvglsqblznv44/lib/clang/13.0.0/include] ==> [/data/public/wuk/env/v1/spack/opt/spack/linux-centos7-zen/gcc-8.5.0/llvm-13.0.0-xbscawasf5osltzsgjjjvglsqblznv44/lib/clang/13.0.0/include]
  collapse include dir [/usr/local/include] ==> [/usr/local/include]
  collapse include dir [/usr/include] ==> [/usr/include]
  implicit include dirs: [/data/public/wuk/env/v1/spack/opt/spack/linux-centos7-zen/gcc-8.5.0/python-3.8.12-fa5lwqyxtqcfzodyclydhmrolzk24ffh/include/python3.8;/data/public/wuk/env/v1/spack/opt/spack/linux-centos7-x86_64_v3/gcc-4.8.5/gcc-8.5.0-r653aprkmt2xeqxzz4locto6dy3hxl47/include/c++/8.5.0;/data/public/wuk/env/v1/spack/opt/spack/linux-centos7-x86_64_v3/gcc-4.8.5/gcc-8.5.0-r653aprkmt2xeqxzz4locto6dy3hxl47/include/c++/8.5.0/x86_64-pc-linux-gnu;/data/public/wuk/env/v1/spack/opt/spack/linux-centos7-x86_64_v3/gcc-4.8.5/gcc-8.5.0-r653aprkmt2xeqxzz4locto6dy3hxl47/include/c++/8.5.0/backward;/data/public/wuk/env/v1/spack/opt/spack/linux-centos7-zen/gcc-8.5.0/llvm-13.0.0-xbscawasf5osltzsgjjjvglsqblznv44/lib/clang/13.0.0/include;/usr/local/include;/usr/include]


Parsed CXX implicit link information from above output:
  link line regex: [^( *|.*[/\])(ld\.lld|CMAKE_LINK_STARTFILE-NOTFOUND|([^/\]+-)?ld|collect2)[^/\]*( |$)]
  ignore line: [Change Dir: /data/home/mzw/llvm-13.0.0/include/llvm/Transforms/build/CMakeFiles/CMakeTmp]
  ignore line: []
  ignore line: [Run Build Command(s):/usr/bin/gmake -f Makefile cmTC_62ac0/fast && /usr/bin/gmake  -f CMakeFiles/cmTC_62ac0.dir/build.make CMakeFiles/cmTC_62ac0.dir/build]
  ignore line: [gmake[1]: Entering directory `/data/home/mzw/llvm-13.0.0/include/llvm/Transforms/build/CMakeFiles/CMakeTmp']
  ignore line: [Building CXX object CMakeFiles/cmTC_62ac0.dir/CMakeCXXCompilerABI.cpp.o]
  ignore line: [/data/public/wuk/env/v1/spack/opt/spack/linux-centos7-zen/gcc-8.5.0/llvm-13.0.0-xbscawasf5osltzsgjjjvglsqblznv44/bin/clang++   -v -MD -MT CMakeFiles/cmTC_62ac0.dir/CMakeCXXCompilerABI.cpp.o -MF CMakeFiles/cmTC_62ac0.dir/CMakeCXXCompilerABI.cpp.o.d -o CMakeFiles/cmTC_62ac0.dir/CMakeCXXCompilerABI.cpp.o -c /data/public/wuk/env/v1/spack/opt/spack/linux-centos7-zen/gcc-8.5.0/cmake-3.21.4-nvydniyy3o7epsmkovhbb2r2gabeijca/share/cmake-3.21/Modules/CMakeCXXCompilerABI.cpp]
  ignore line: [clang version 13.0.0]
  ignore line: [Target: x86_64-unknown-linux-gnu]
  ignore line: [Thread model: posix]
  ignore line: [InstalledDir: /data/public/wuk/env/v1/spack/opt/spack/linux-centos7-zen/gcc-8.5.0/llvm-13.0.0-xbscawasf5osltzsgjjjvglsqblznv44/bin]
  ignore line: [Found candidate GCC installation: /data/public/wuk/env/v1/spack/opt/spack/linux-centos7-x86_64_v3/gcc-4.8.5/gcc-8.5.0-r653aprkmt2xeqxzz4locto6dy3hxl47/lib/gcc/x86_64-pc-linux-gnu/8.5.0]
  ignore line: [Selected GCC installation: /data/public/wuk/env/v1/spack/opt/spack/linux-centos7-x86_64_v3/gcc-4.8.5/gcc-8.5.0-r653aprkmt2xeqxzz4locto6dy3hxl47/lib/gcc/x86_64-pc-linux-gnu/8.5.0]
  ignore line: [Candidate multilib: .]
  ignore line: [@m64]
  ignore line: [Selected multilib: .]
  ignore line: [@m64]
  ignore line: [Found CUDA installation: /data/public/wuk/env/v1/spack/opt/spack/linux-centos7-zen/gcc-8.5.0/cuda-11.4.2-hp5vmtyvx3orti3ib3zvhradgg7ilfp5  version 11.2]
  ignore line: [Found HIP installation: /opt/rocm  version 4.4.21401]
  ignore line: [ (in-process)]
  ignore line: [ "/data/public/wuk/env/v1/spack/opt/spack/linux-centos7-zen/gcc-8.5.0/llvm-13.0.0-xbscawasf5osltzsgjjjvglsqblznv44/bin/clang-13" -cc1 -triple x86_64-unknown-linux-gnu -emit-obj -mrelax-all --mrelax-relocations -disable-free -disable-llvm-verifier -discard-value-names -main-file-name CMakeCXXCompilerABI.cpp -mrelocation-model static -mframe-pointer=all -fmath-errno -fno-rounding-math -mconstructor-aliases -munwind-tables -target-cpu x86-64 -tune-cpu generic -debugger-tuning=gdb -v -fcoverage-compilation-dir=/data/home/mzw/llvm-13.0.0/include/llvm/Transforms/build/CMakeFiles/CMakeTmp -resource-dir /data/public/wuk/env/v1/spack/opt/spack/linux-centos7-zen/gcc-8.5.0/llvm-13.0.0-xbscawasf5osltzsgjjjvglsqblznv44/lib/clang/13.0.0 -dependency-file CMakeFiles/cmTC_62ac0.dir/CMakeCXXCompilerABI.cpp.o.d -MT CMakeFiles/cmTC_62ac0.dir/CMakeCXXCompilerABI.cpp.o -sys-header-deps -I/data/public/wuk/env/v1/spack/opt/spack/linux-centos7-zen/gcc-8.5.0/python-3.8.12-fa5lwqyxtqcfzodyclydhmrolzk24ffh/include/python3.8 -internal-isystem /data/public/wuk/env/v1/spack/opt/spack/linux-centos7-x86_64_v3/gcc-4.8.5/gcc-8.5.0-r653aprkmt2xeqxzz4locto6dy3hxl47/lib/gcc/x86_64-pc-linux-gnu/8.5.0/../../../../include/c++/8.5.0 -internal-isystem /data/public/wuk/env/v1/spack/opt/spack/linux-centos7-x86_64_v3/gcc-4.8.5/gcc-8.5.0-r653aprkmt2xeqxzz4locto6dy3hxl47/lib/gcc/x86_64-pc-linux-gnu/8.5.0/../../../../include/c++/8.5.0/x86_64-pc-linux-gnu -internal-isystem /data/public/wuk/env/v1/spack/opt/spack/linux-centos7-x86_64_v3/gcc-4.8.5/gcc-8.5.0-r653aprkmt2xeqxzz4locto6dy3hxl47/lib/gcc/x86_64-pc-linux-gnu/8.5.0/../../../../include/c++/8.5.0/backward -internal-isystem /data/public/wuk/env/v1/spack/opt/spack/linux-centos7-zen/gcc-8.5.0/llvm-13.0.0-xbscawasf5osltzsgjjjvglsqblznv44/lib/clang/13.0.0/include -internal-isystem /usr/local/include -internal-isystem /data/public/wuk/env/v1/spack/opt/spack/linux-centos7-x86_64_v3/gcc-4.8.5/gcc-8.5.0-r653aprkmt2xeqxzz4locto6dy3hxl47/lib/gcc/x86_64-pc-linux-gnu/8.5.0/../../../../x86_64-pc-linux-gnu/include -internal-externc-isystem /include -internal-externc-isystem /usr/include -fdeprecated-macro -fdebug-compilation-dir=/data/home/mzw/llvm-13.0.0/include/llvm/Transforms/build/CMakeFiles/CMakeTmp -ferror-limit 19 -fgnuc-version=4.2.1 -fcxx-exceptions -fexceptions -faddrsig -D__GCC_HAVE_DWARF2_CFI_ASM=1 -o CMakeFiles/cmTC_62ac0.dir/CMakeCXXCompilerABI.cpp.o -x c++ /data/public/wuk/env/v1/spack/opt/spack/linux-centos7-zen/gcc-8.5.0/cmake-3.21.4-nvydniyy3o7epsmkovhbb2r2gabeijca/share/cmake-3.21/Modules/CMakeCXXCompilerABI.cpp]
  ignore line: [clang -cc1 version 13.0.0 based upon LLVM 13.0.0 default target x86_64-unknown-linux-gnu]
  ignore line: [ignoring nonexistent directory "/data/public/wuk/env/v1/spack/opt/spack/linux-centos7-x86_64_v3/gcc-4.8.5/gcc-8.5.0-r653aprkmt2xeqxzz4locto6dy3hxl47/lib/gcc/x86_64-pc-linux-gnu/8.5.0/../../../../x86_64-pc-linux-gnu/include"]
  ignore line: [ignoring nonexistent directory "/include"]
  ignore line: [#include "..." search starts here:]
  ignore line: [#include <...> search starts here:]
  ignore line: [ /data/public/wuk/env/v1/spack/opt/spack/linux-centos7-zen/gcc-8.5.0/python-3.8.12-fa5lwqyxtqcfzodyclydhmrolzk24ffh/include/python3.8]
  ignore line: [ /data/public/wuk/env/v1/spack/opt/spack/linux-centos7-x86_64_v3/gcc-4.8.5/gcc-8.5.0-r653aprkmt2xeqxzz4locto6dy3hxl47/lib/gcc/x86_64-pc-linux-gnu/8.5.0/../../../../include/c++/8.5.0]
  ignore line: [ /data/public/wuk/env/v1/spack/opt/spack/linux-centos7-x86_64_v3/gcc-4.8.5/gcc-8.5.0-r653aprkmt2xeqxzz4locto6dy3hxl47/lib/gcc/x86_64-pc-linux-gnu/8.5.0/../../../../include/c++/8.5.0/x86_64-pc-linux-gnu]
  ignore line: [ /data/public/wuk/env/v1/spack/opt/spack/linux-centos7-x86_64_v3/gcc-4.8.5/gcc-8.5.0-r653aprkmt2xeqxzz4locto6dy3hxl47/lib/gcc/x86_64-pc-linux-gnu/8.5.0/../../../../include/c++/8.5.0/backward]
  ignore line: [ /data/public/wuk/env/v1/spack/opt/spack/linux-centos7-zen/gcc-8.5.0/llvm-13.0.0-xbscawasf5osltzsgjjjvglsqblznv44/lib/clang/13.0.0/include]
  ignore line: [ /usr/local/include]
  ignore line: [ /usr/include]
  ignore line: [End of search list.]
  ignore line: [Linking CXX executable cmTC_62ac0]
  ignore line: [/data/public/wuk/env/v1/spack/opt/spack/linux-centos7-zen/gcc-8.5.0/cmake-3.21.4-nvydniyy3o7epsmkovhbb2r2gabeijca/bin/cmake -E cmake_link_script CMakeFiles/cmTC_62ac0.dir/link.txt --verbose=1]
  ignore line: [/data/public/wuk/env/v1/spack/opt/spack/linux-centos7-zen/gcc-8.5.0/llvm-13.0.0-xbscawasf5osltzsgjjjvglsqblznv44/bin/clang++  -v -rdynamic CMakeFiles/cmTC_62ac0.dir/CMakeCXXCompilerABI.cpp.o -o cmTC_62ac0 ]
  ignore line: [clang version 13.0.0]
  ignore line: [Target: x86_64-unknown-linux-gnu]
  ignore line: [Thread model: posix]
  ignore line: [InstalledDir: /data/public/wuk/env/v1/spack/opt/spack/linux-centos7-zen/gcc-8.5.0/llvm-13.0.0-xbscawasf5osltzsgjjjvglsqblznv44/bin]
  ignore line: [Found candidate GCC installation: /data/public/wuk/env/v1/spack/opt/spack/linux-centos7-x86_64_v3/gcc-4.8.5/gcc-8.5.0-r653aprkmt2xeqxzz4locto6dy3hxl47/lib/gcc/x86_64-pc-linux-gnu/8.5.0]
  ignore line: [Selected GCC installation: /data/public/wuk/env/v1/spack/opt/spack/linux-centos7-x86_64_v3/gcc-4.8.5/gcc-8.5.0-r653aprkmt2xeqxzz4locto6dy3hxl47/lib/gcc/x86_64-pc-linux-gnu/8.5.0]
  ignore line: [Candidate multilib: .]
  ignore line: [@m64]
  ignore line: [Selected multilib: .]
  ignore line: [@m64]
  ignore line: [Found CUDA installation: /data/public/wuk/env/v1/spack/opt/spack/linux-centos7-zen/gcc-8.5.0/cuda-11.4.2-hp5vmtyvx3orti3ib3zvhradgg7ilfp5  version 11.2]
  ignore line: [Found HIP installation: /opt/rocm  version 4.4.21401]
  link line: [ "/data/public/wuk/env/v1/spack/opt/spack/linux-centos7-zen/gcc-8.5.0/binutils-2.37-3cnjopyfacs6wrymwn5alcvuzmk7rblp/bin/ld" -export-dynamic --hash-style=gnu --eh-frame-hdr -m elf_x86_64 -export-dynamic -dynamic-linker /lib64/ld-linux-x86-64.so.2 -o cmTC_62ac0 /lib/../lib64/crt1.o /lib/../lib64/crti.o /data/public/wuk/env/v1/spack/opt/spack/linux-centos7-x86_64_v3/gcc-4.8.5/gcc-8.5.0-r653aprkmt2xeqxzz4locto6dy3hxl47/lib/gcc/x86_64-pc-linux-gnu/8.5.0/crtbegin.o -L/data/public/wuk/env/v1/spack/opt/spack/linux-centos7-x86_64_v3/gcc-4.8.5/gcc-8.5.0-r653aprkmt2xeqxzz4locto6dy3hxl47/lib/gcc/x86_64-pc-linux-gnu/8.5.0 -L/data/public/wuk/env/v1/spack/opt/spack/linux-centos7-x86_64_v3/gcc-4.8.5/gcc-8.5.0-r653aprkmt2xeqxzz4locto6dy3hxl47/lib/gcc/x86_64-pc-linux-gnu/8.5.0/../../../../lib64 -L/lib/../lib64 -L/usr/lib/../lib64 -L/data/public/wuk/env/v1/spack/opt/spack/linux-centos7-zen/gcc-8.5.0/llvm-13.0.0-xbscawasf5osltzsgjjjvglsqblznv44/bin/../lib -L/lib -L/usr/lib CMakeFiles/cmTC_62ac0.dir/CMakeCXXCompilerABI.cpp.o -lstdc++ -lm -lgcc_s -lgcc -lc -lgcc_s -lgcc /data/public/wuk/env/v1/spack/opt/spack/linux-centos7-x86_64_v3/gcc-4.8.5/gcc-8.5.0-r653aprkmt2xeqxzz4locto6dy3hxl47/lib/gcc/x86_64-pc-linux-gnu/8.5.0/crtend.o /lib/../lib64/crtn.o]
    arg [/data/public/wuk/env/v1/spack/opt/spack/linux-centos7-zen/gcc-8.5.0/binutils-2.37-3cnjopyfacs6wrymwn5alcvuzmk7rblp/bin/ld] ==> ignore
    arg [-export-dynamic] ==> ignore
    arg [--hash-style=gnu] ==> ignore
    arg [--eh-frame-hdr] ==> ignore
    arg [-m] ==> ignore
    arg [elf_x86_64] ==> ignore
    arg [-export-dynamic] ==> ignore
    arg [-dynamic-linker] ==> ignore
    arg [/lib64/ld-linux-x86-64.so.2] ==> ignore
    arg [-o] ==> ignore
    arg [cmTC_62ac0] ==> ignore
    arg [/lib/../lib64/crt1.o] ==> obj [/lib/../lib64/crt1.o]
    arg [/lib/../lib64/crti.o] ==> obj [/lib/../lib64/crti.o]
    arg [/data/public/wuk/env/v1/spack/opt/spack/linux-centos7-x86_64_v3/gcc-4.8.5/gcc-8.5.0-r653aprkmt2xeqxzz4locto6dy3hxl47/lib/gcc/x86_64-pc-linux-gnu/8.5.0/crtbegin.o] ==> obj [/data/public/wuk/env/v1/spack/opt/spack/linux-centos7-x86_64_v3/gcc-4.8.5/gcc-8.5.0-r653aprkmt2xeqxzz4locto6dy3hxl47/lib/gcc/x86_64-pc-linux-gnu/8.5.0/crtbegin.o]
    arg [-L/data/public/wuk/env/v1/spack/opt/spack/linux-centos7-x86_64_v3/gcc-4.8.5/gcc-8.5.0-r653aprkmt2xeqxzz4locto6dy3hxl47/lib/gcc/x86_64-pc-linux-gnu/8.5.0] ==> dir [/data/public/wuk/env/v1/spack/opt/spack/linux-centos7-x86_64_v3/gcc-4.8.5/gcc-8.5.0-r653aprkmt2xeqxzz4locto6dy3hxl47/lib/gcc/x86_64-pc-linux-gnu/8.5.0]
    arg [-L/data/public/wuk/env/v1/spack/opt/spack/linux-centos7-x86_64_v3/gcc-4.8.5/gcc-8.5.0-r653aprkmt2xeqxzz4locto6dy3hxl47/lib/gcc/x86_64-pc-linux-gnu/8.5.0/../../../../lib64] ==> dir [/data/public/wuk/env/v1/spack/opt/spack/linux-centos7-x86_64_v3/gcc-4.8.5/gcc-8.5.0-r653aprkmt2xeqxzz4locto6dy3hxl47/lib/gcc/x86_64-pc-linux-gnu/8.5.0/../../../../lib64]
    arg [-L/lib/../lib64] ==> dir [/lib/../lib64]
    arg [-L/usr/lib/../lib64] ==> dir [/usr/lib/../lib64]
    arg [-L/data/public/wuk/env/v1/spack/opt/spack/linux-centos7-zen/gcc-8.5.0/llvm-13.0.0-xbscawasf5osltzsgjjjvglsqblznv44/bin/../lib] ==> dir [/data/public/wuk/env/v1/spack/opt/spack/linux-centos7-zen/gcc-8.5.0/llvm-13.0.0-xbscawasf5osltzsgjjjvglsqblznv44/bin/../lib]
    arg [-L/lib] ==> dir [/lib]
    arg [-L/usr/lib] ==> dir [/usr/lib]
    arg [CMakeFiles/cmTC_62ac0.dir/CMakeCXXCompilerABI.cpp.o] ==> ignore
    arg [-lstdc++] ==> lib [stdc++]
    arg [-lm] ==> lib [m]
    arg [-lgcc_s] ==> lib [gcc_s]
    arg [-lgcc] ==> lib [gcc]
    arg [-lc] ==> lib [c]
    arg [-lgcc_s] ==> lib [gcc_s]
    arg [-lgcc] ==> lib [gcc]
    arg [/data/public/wuk/env/v1/spack/opt/spack/linux-centos7-x86_64_v3/gcc-4.8.5/gcc-8.5.0-r653aprkmt2xeqxzz4locto6dy3hxl47/lib/gcc/x86_64-pc-linux-gnu/8.5.0/crtend.o] ==> obj [/data/public/wuk/env/v1/spack/opt/spack/linux-centos7-x86_64_v3/gcc-4.8.5/gcc-8.5.0-r653aprkmt2xeqxzz4locto6dy3hxl47/lib/gcc/x86_64-pc-linux-gnu/8.5.0/crtend.o]
    arg [/lib/../lib64/crtn.o] ==> obj [/lib/../lib64/crtn.o]
  collapse obj [/lib/../lib64/crt1.o] ==> [/lib64/crt1.o]
  collapse obj [/lib/../lib64/crti.o] ==> [/lib64/crti.o]
  collapse obj [/lib/../lib64/crtn.o] ==> [/lib64/crtn.o]
  collapse library dir [/data/public/wuk/env/v1/spack/opt/spack/linux-centos7-x86_64_v3/gcc-4.8.5/gcc-8.5.0-r653aprkmt2xeqxzz4locto6dy3hxl47/lib/gcc/x86_64-pc-linux-gnu/8.5.0] ==> [/data/public/wuk/env/v1/spack/opt/spack/linux-centos7-x86_64_v3/gcc-4.8.5/gcc-8.5.0-r653aprkmt2xeqxzz4locto6dy3hxl47/lib/gcc/x86_64-pc-linux-gnu/8.5.0]
  collapse library dir [/data/public/wuk/env/v1/spack/opt/spack/linux-centos7-x86_64_v3/gcc-4.8.5/gcc-8.5.0-r653aprkmt2xeqxzz4locto6dy3hxl47/lib/gcc/x86_64-pc-linux-gnu/8.5.0/../../../../lib64] ==> [/data/public/wuk/env/v1/spack/opt/spack/linux-centos7-x86_64_v3/gcc-4.8.5/gcc-8.5.0-r653aprkmt2xeqxzz4locto6dy3hxl47/lib64]
  collapse library dir [/lib/../lib64] ==> [/lib64]
  collapse library dir [/usr/lib/../lib64] ==> [/usr/lib64]
  collapse library dir [/data/public/wuk/env/v1/spack/opt/spack/linux-centos7-zen/gcc-8.5.0/llvm-13.0.0-xbscawasf5osltzsgjjjvglsqblznv44/bin/../lib] ==> [/data/public/wuk/env/v1/spack/opt/spack/linux-centos7-zen/gcc-8.5.0/llvm-13.0.0-xbscawasf5osltzsgjjjvglsqblznv44/lib]
  collapse library dir [/lib] ==> [/lib]
  collapse library dir [/usr/lib] ==> [/usr/lib]
  implicit libs: [stdc++;m;gcc_s;gcc;c;gcc_s;gcc]
  implicit objs: [/lib64/crt1.o;/lib64/crti.o;/data/public/wuk/env/v1/spack/opt/spack/linux-centos7-x86_64_v3/gcc-4.8.5/gcc-8.5.0-r653aprkmt2xeqxzz4locto6dy3hxl47/lib/gcc/x86_64-pc-linux-gnu/8.5.0/crtbegin.o;/data/public/wuk/env/v1/spack/opt/spack/linux-centos7-x86_64_v3/gcc-4.8.5/gcc-8.5.0-r653aprkmt2xeqxzz4locto6dy3hxl47/lib/gcc/x86_64-pc-linux-gnu/8.5.0/crtend.o;/lib64/crtn.o]
  implicit dirs: [/data/public/wuk/env/v1/spack/opt/spack/linux-centos7-x86_64_v3/gcc-4.8.5/gcc-8.5.0-r653aprkmt2xeqxzz4locto6dy3hxl47/lib/gcc/x86_64-pc-linux-gnu/8.5.0;/data/public/wuk/env/v1/spack/opt/spack/linux-centos7-x86_64_v3/gcc-4.8.5/gcc-8.5.0-r653aprkmt2xeqxzz4locto6dy3hxl47/lib64;/lib64;/usr/lib64;/data/public/wuk/env/v1/spack/opt/spack/linux-centos7-zen/gcc-8.5.0/llvm-13.0.0-xbscawasf5osltzsgjjjvglsqblznv44/lib;/lib;/usr/lib]
  implicit fwks: []


